<?xml version="1.0" encoding="UTF-8"?>
<testng-results skipped="0" failed="0" ignored="0" total="1" passed="1">
  <reporter-output>
  </reporter-output>
  <suite name="Default suite" duration-ms="18755" started-at="2020-01-07T03:44:32Z" finished-at="2020-01-07T03:44:51Z">
    <groups>
    </groups>
    <test name="Default test" duration-ms="18755" started-at="2020-01-07T03:44:32Z" finished-at="2020-01-07T03:44:51Z">
      <class name="com.training.sanity.tests.LoginTests">
        <test-method status="PASS" signature="setUpBeforeClass()[pri:0, instance:com.training.sanity.tests.LoginTests@1b604f19]" name="setUpBeforeClass" is-config="true" duration-ms="49" started-at="2020-01-06T22:44:32Z" finished-at="2020-01-06T22:44:32Z">
          <reporter-output>
          </reporter-output>
        </test-method> <!-- setUpBeforeClass -->
        <test-method status="PASS" signature="setUp()[pri:0, instance:com.training.sanity.tests.LoginTests@1b604f19]" name="setUp" is-config="true" duration-ms="13878" started-at="2020-01-06T22:44:32Z" finished-at="2020-01-06T22:44:46Z">
          <reporter-output>
          </reporter-output>
        </test-method> <!-- setUp -->
        <test-method status="PASS" signature="validLoginTest()[pri:0, instance:com.training.sanity.tests.LoginTests@1b604f19]" name="validLoginTest" duration-ms="2949" started-at="2020-01-06T22:44:46Z" finished-at="2020-01-06T22:44:49Z">
          <reporter-output>
          </reporter-output>
        </test-method> <!-- validLoginTest -->
        <test-method status="PASS" signature="tearDown()[pri:0, instance:com.training.sanity.tests.LoginTests@1b604f19]" name="tearDown" is-config="true" duration-ms="1818" started-at="2020-01-06T22:44:49Z" finished-at="2020-01-06T22:44:51Z">
          <reporter-output>
          </reporter-output>
        </test-method> <!-- tearDown -->
      </class> <!-- com.training.sanity.tests.LoginTests -->
    </test> <!-- Default test -->
  </suite> <!-- Default suite -->
</testng-results>
